<?xml version="1.0" encoding="UTF-8"?>
<testng-results skipped="0" failed="0" ignored="0" total="0" passed="0">
  <reporter-output>
  </reporter-output>
  <suite name="Default suite" duration-ms="33" started-at="2019-01-14T11:07:48Z" finished-at="2019-01-14T11:07:48Z">
    <groups>
    </groups>
    <test name="Default test" duration-ms="33" started-at="2019-01-14T11:07:48Z" finished-at="2019-01-14T11:07:48Z">
      <class name="com.buildiumstaging.demoaccount.buildium.buildium_new.ValidateLogin">
        <test-method status="PASS" signature="cleanup()[pri:0, instance:com.buildiumstaging.demoaccount.buildium.buildium_new.ValidateLogin@46d56d67]" name="cleanup" is-config="true" duration-ms="180" started-at="2019-01-14T11:07:49Z" finished-at="2019-01-14T11:07:49Z">
          <reporter-output>
          </reporter-output>
        </test-method> <!-- cleanup -->
      </class> <!-- com.buildiumstaging.demoaccount.buildium.buildium_new.ValidateLogin -->
    </test> <!-- Default test -->
  </suite> <!-- Default suite -->
</testng-results>
